This file contains any messages produced by compilers while
running configure, to aid debugging if configure makes a mistake.

It was created by configure, which was
generated by GNU Autoconf 2.59.  Invocation command line was

  $ ./configure --prefix=/home/rr/libafl_learning/exercise-1-fast/xpdf/install

## --------- ##
## Platform. ##
## --------- ##

hostname = rr
uname -m = x86_64
uname -r = 5.19.0-21-generic
uname -s = Linux
uname -v = #21-Ubuntu SMP PREEMPT_DYNAMIC Wed Oct 12 18:33:17 UTC 2022

/usr/bin/uname -p = x86_64
/bin/uname -X     = unknown

/bin/arch              = x86_64
/usr/bin/arch -k       = unknown
/usr/convex/getsysinfo = unknown
hostinfo               = unknown
/bin/machine           = unknown
/usr/bin/oslevel       = unknown
/bin/universe          = unknown

PATH: /home/rr/.nix-profile/bin
PATH: /home/rr/.nix-profile/bin
PATH: /home/rr/.cargo/bin
PATH: /usr/local/sbin
PATH: /usr/local/bin
PATH: /usr/sbin
PATH: /usr/bin
PATH: /sbin
PATH: /bin
PATH: /usr/games
PATH: /usr/local/games
PATH: /snap/bin
PATH: /snap/bin
PATH: /home/rr/.local/bin
PATH: /home/rr/pwninit/target/release/
PATH: /home/rr/ghidra_10.2_DEV
PATH: /media/rr/Data/scripts/shell
PATH: /home/rr/go/bin
PATH: /home/rr/.dotnet
PATH: /home/rr/ILSPY


## ----------- ##
## Core tests. ##
## ----------- ##

configure:1482: checking for gcc
configure:1508: result: /usr/local/bin/afl-clang-lto
configure:1752: checking for C compiler version
configure:1755: /usr/local/bin/afl-clang-lto --version </dev/null >&5
Ubuntu clang version 14.0.6-2
Target: x86_64-pc-linux-gnu
Thread model: posix
InstalledDir: /usr/lib/llvm-14/bin
configure:1758: $? = 0
configure:1760: /usr/local/bin/afl-clang-lto -v </dev/null >&5
Ubuntu clang version 14.0.6-2
Target: x86_64-pc-linux-gnu
Thread model: posix
InstalledDir: /usr/lib/llvm-14/bin
Found candidate GCC installation: /usr/lib/gcc/x86_64-linux-gnu/11
Found candidate GCC installation: /usr/lib/gcc/x86_64-linux-gnu/12
Selected GCC installation: /usr/lib/gcc/x86_64-linux-gnu/12
Candidate multilib: .;@m64
Candidate multilib: 32;@m32
Candidate multilib: x32;@mx32
Selected multilib: .;@m64
 "/usr/lib/llvm-14/bin/ld.lld" -pie -z relro --hash-style=gnu --build-id --eh-frame-hdr -m elf_x86_64 -dynamic-linker /lib64/ld-linux-x86-64.so.2 -o a.out /lib/x86_64-linux-gnu/Scrt1.o /lib/x86_64-linux-gnu/crti.o /usr/lib/gcc/x86_64-linux-gnu/12/crtbeginS.o -L/usr/lib/gcc/x86_64-linux-gnu/12 -L/usr/lib/gcc/x86_64-linux-gnu/12/../../../../lib64 -L/lib/x86_64-linux-gnu -L/lib/../lib64 -L/usr/lib/x86_64-linux-gnu -L/usr/lib/../lib64 -L/lib -L/usr/lib -plugin-opt=mcpu=x86-64 -plugin-opt=O3 --lto-legacy-pass-manager -mllvm=-load=/usr/local/bin/../lib/afl/SanitizerCoverageLTO.so --allow-multiple-definition -lgcc --as-needed -lgcc_s --no-as-needed -lc -lgcc --as-needed -lgcc_s --no-as-needed /usr/lib/gcc/x86_64-linux-gnu/12/crtendS.o /lib/x86_64-linux-gnu/crtn.o
ld.lld: error: undefined symbol: main
>>> referenced by /lib/x86_64-linux-gnu/Scrt1.o:(_start)
clang: error: linker command failed with exit code 1 (use -v to see invocation)
configure:1763: $? = 1
configure:1765: /usr/local/bin/afl-clang-lto -V </dev/null >&5
clang: error: unsupported option '-V -g'
configure:1768: $? = 1
configure:1791: checking for C compiler default output file name
configure:1794: /usr/local/bin/afl-clang-lto    conftest.c  >&5
clang: error: no such file or directory: '/usr/local/bin/../lib/afl/afl-llvm-rt-lto.o'
configure:1797: $? = 1
configure: failed program was:
| /* confdefs.h.  */
| 
| #define PACKAGE_NAME ""
| #define PACKAGE_TARNAME ""
| #define PACKAGE_VERSION ""
| #define PACKAGE_STRING ""
| #define PACKAGE_BUGREPORT ""
| #define SYSTEM_XPDFRC "/home/rr/libafl_learning/exercise-1-fast/xpdf/install/etc/xpdfrc"
| /* end confdefs.h.  */
| 
| int
| main ()
| {
| 
|   ;
|   return 0;
| }
configure:1836: error: C compiler cannot create executables
See `config.log' for more details.

## ---------------- ##
## Cache variables. ##
## ---------------- ##

ac_cv_env_CC_set=set
ac_cv_env_CC_value=/usr/local/bin/afl-clang-lto
ac_cv_env_CFLAGS_set=
ac_cv_env_CFLAGS_value=
ac_cv_env_CPPFLAGS_set=
ac_cv_env_CPPFLAGS_value=
ac_cv_env_CPP_set=
ac_cv_env_CPP_value=
ac_cv_env_CXXFLAGS_set=
ac_cv_env_CXXFLAGS_value=
ac_cv_env_CXX_set=set
ac_cv_env_CXX_value=/usr/local/bin/afl-clang-lto++
ac_cv_env_LDFLAGS_set=
ac_cv_env_LDFLAGS_value=
ac_cv_env_build_alias_set=
ac_cv_env_build_alias_value=
ac_cv_env_host_alias_set=
ac_cv_env_host_alias_value=
ac_cv_env_target_alias_set=
ac_cv_env_target_alias_value=
ac_cv_prog_ac_ct_CC=/usr/local/bin/afl-clang-lto

## ----------------- ##
## Output variables. ##
## ----------------- ##

AR=''
CC='/usr/local/bin/afl-clang-lto'
CFLAGS=''
CPP=''
CPPFLAGS=''
CXX='/usr/local/bin/afl-clang-lto++'
CXXFLAGS=''
DEFS=''
ECHO_C=''
ECHO_N='-n'
ECHO_T=''
EGREP=''
EXE=''
EXEEXT=''
INSTALL_DATA=''
INSTALL_PROGRAM=''
INSTALL_SCRIPT=''
LDFLAGS=''
LIBOBJS=''
LIBPREFIX=''
LIBS=''
LTLIBOBJS=''
OBJEXT=''
PACKAGE_BUGREPORT=''
PACKAGE_NAME=''
PACKAGE_STRING=''
PACKAGE_TARNAME=''
PACKAGE_VERSION=''
PATH_SEPARATOR=':'
RANLIB=''
SHELL='/bin/bash'
Sgm_CFLAGS=''
Sgm_LIBS=''
UP_DIR=''
X=''
XPDF_TARGET=''
X_CFLAGS=''
X_EXTRA_LIBS=''
X_LIBS=''
X_PRE_LIBS=''
Xext_CFLAGS=''
Xext_LIBS=''
Xm_CFLAGS=''
Xm_LIBS=''
Xp_CFLAGS=''
Xp_LIBS=''
Xpm_CFLAGS=''
Xpm_LIBS=''
Xt_CFLAGS=''
Xt_LIBS=''
ac_ct_CC='/usr/local/bin/afl-clang-lto'
ac_ct_CXX=''
ac_ct_RANLIB=''
bindir='${exec_prefix}/bin'
build_alias=''
datadir='${prefix}/share'
exec_prefix='NONE'
freetype2_CFLAGS=''
freetype2_LIBS=''
host_alias=''
includedir='${prefix}/include'
infodir='${prefix}/info'
libdir='${exec_prefix}/lib'
libexecdir='${exec_prefix}/libexec'
libpaper_CFLAGS=''
libpaper_LIBS=''
localstatedir='${prefix}/var'
mandir='${prefix}/man'
oldincludedir='/usr/include'
prefix='/home/rr/libafl_learning/exercise-1-fast/xpdf/install'
program_transform_name='s,x,x,'
sbindir='${exec_prefix}/sbin'
sharedstatedir='${prefix}/com'
sysconfdir='${prefix}/etc'
t1_CFLAGS=''
t1_LIBS=''
target_alias=''

## ----------- ##
## confdefs.h. ##
## ----------- ##

#define PACKAGE_BUGREPORT ""
#define PACKAGE_NAME ""
#define PACKAGE_STRING ""
#define PACKAGE_TARNAME ""
#define PACKAGE_VERSION ""
#define SYSTEM_XPDFRC "/home/rr/libafl_learning/exercise-1-fast/xpdf/install/etc/xpdfrc"

configure: exit 77
