This file contains any messages produced by compilers while
running configure, to aid debugging if configure makes a mistake.

It was created by EXIF library configure 0.6.14, which was
generated by GNU Autoconf 2.71.  Invocation command line was

  $ ./libexif/configure --prefix=/home/rr/libafl_learning/exercise-2/../build/

## --------- ##
## Platform. ##
## --------- ##

hostname = DESKTOP-NUH6KHS
uname -m = x86_64
uname -r = 5.15.57.1-microsoft-standard-WSL2
uname -s = Linux
uname -v = #1 SMP Wed Jul 27 02:20:31 UTC 2022

/usr/bin/uname -p = x86_64
/bin/uname -X     = unknown

/bin/arch              = x86_64
/usr/bin/arch -k       = unknown
/usr/convex/getsysinfo = unknown
/usr/bin/hostinfo      = unknown
/bin/machine           = unknown
/usr/bin/oslevel       = unknown
/bin/universe          = unknown

PATH: /home/rr/.vscode-server/bin/d045a5eda657f4d7b676dedbfa7aab8207f8a075/bin/remote-cli/
PATH: /home/rr/.cargo/bin/
PATH: /usr/local/sbin/
PATH: /usr/local/bin/
PATH: /usr/sbin/
PATH: /usr/bin/
PATH: /sbin/
PATH: /bin/
PATH: /usr/games/
PATH: /usr/local/games/
PATH: /usr/lib/wsl/lib/
PATH: /mnt/c/Program Files (x86)/VMware/VMware Workstation/bin/
PATH: /mnt/c/Program Files/Eclipse Adoptium/jdk-17.0.4.101-hotspot/bin/
PATH: /mnt/c/WINDOWS/system32/
PATH: /mnt/c/WINDOWS/
PATH: /mnt/c/WINDOWS/System32/Wbem/
PATH: /mnt/c/WINDOWS/System32/WindowsPowerShell/v1.0/
PATH: /mnt/c/WINDOWS/System32/OpenSSH/
PATH: /mnt/c/Program Files/dotnet/
PATH: /mnt/c/Program Files/Git/cmd/
PATH: /mnt/c/Program Files/LLVM/bin/
PATH: /mnt/c/Program Files/Docker/Docker/resources/bin/
PATH: /mnt/c/ProgramData/DockerDesktop/version-bin/
PATH: /mnt/c/Users/admin/.cargo/bin/
PATH: /mnt/c/Users/admin/AppData/Local/Programs/Python/Python310/Scripts/
PATH: /mnt/c/Users/admin/AppData/Local/Programs/Python/Python310/
PATH: /mnt/c/Users/admin/AppData/Local/Microsoft/WindowsApps/
PATH: /mnt/c/Users/admin/AppData/Local/Programs/Microsoft VS Code/bin/
PATH: /mnt/c/Users/admin/AppData/Local/JetBrains/Toolbox/scripts/
PATH: /home/rr/.local/bin/
PATH: /home/rr/pwninit/target/release/
PATH: /home/rr/.local/bin/
PATH: /home/rr/pwninit/target/release/


## ----------- ##
## Core tests. ##
## ----------- ##

configure:2445: looking for aux files: config.guess config.sub ltmain.sh compile missing install-sh
configure:2458:  trying ./libexif/
configure:2487:   ./libexif/config.guess found
configure:2487:   ./libexif/config.sub found
configure:2487:   ./libexif/ltmain.sh found
configure:2487:   ./libexif/compile found
configure:2487:   ./libexif/missing found
configure:2469:   ./libexif/install-sh found
configure:2620: checking for a BSD-compatible install
configure:2693: result: /usr/bin/install -c
configure:2704: checking whether build environment is sane
configure:2759: result: yes
configure:2918: checking for a race-free mkdir -p
configure:2962: result: /usr/bin/mkdir -p
configure:2969: checking for gawk
configure:2990: found /usr/bin/gawk
configure:3001: result: gawk
configure:3012: checking whether make sets $(MAKE)
configure:3035: result: yes
configure:3065: checking whether make supports nested variables
configure:3083: result: yes
configure:3244: checking for POSIX sh $() command substitution
configure:3248: result: yes
configure:3373: checking for gcc
configure:3405: result: /home/rr/libafl_learning/exercise-2/../build/ex2_compiler
configure:3758: checking for C compiler version
configure:3767: /home/rr/libafl_learning/exercise-2/../build/ex2_compiler --version >&5
./libexif/configure: line 3769: /home/rr/libafl_learning/exercise-2/../build/ex2_compiler: No such file or directory
configure:3778: $? = 127
configure:3767: /home/rr/libafl_learning/exercise-2/../build/ex2_compiler -v >&5
./libexif/configure: line 3769: /home/rr/libafl_learning/exercise-2/../build/ex2_compiler: No such file or directory
configure:3778: $? = 127
configure:3767: /home/rr/libafl_learning/exercise-2/../build/ex2_compiler -V >&5
./libexif/configure: line 3769: /home/rr/libafl_learning/exercise-2/../build/ex2_compiler: No such file or directory
configure:3778: $? = 127
configure:3767: /home/rr/libafl_learning/exercise-2/../build/ex2_compiler -qversion >&5
./libexif/configure: line 3769: /home/rr/libafl_learning/exercise-2/../build/ex2_compiler: No such file or directory
configure:3778: $? = 127
configure:3767: /home/rr/libafl_learning/exercise-2/../build/ex2_compiler -version >&5
./libexif/configure: line 3769: /home/rr/libafl_learning/exercise-2/../build/ex2_compiler: No such file or directory
configure:3778: $? = 127
configure:3798: checking whether the C compiler works
configure:3820: /home/rr/libafl_learning/exercise-2/../build/ex2_compiler    conftest.c  >&5
./libexif/configure: line 3822: /home/rr/libafl_learning/exercise-2/../build/ex2_compiler: No such file or directory
configure:3824: $? = 127
configure:3864: result: no
configure: failed program was:
| /* confdefs.h */
| #define PACKAGE_NAME "EXIF library"
| #define PACKAGE_TARNAME "libexif"
| #define PACKAGE_VERSION "0.6.14"
| #define PACKAGE_STRING "EXIF library 0.6.14"
| #define PACKAGE_BUGREPORT "libexif-devel@lists.sourceforge.net"
| #define PACKAGE_URL ""
| #define PACKAGE "libexif"
| #define VERSION "0.6.14"
| /* end confdefs.h.  */
| 
| int
| main (void)
| {
| 
|   ;
|   return 0;
| }
configure:3869: error: in `/home/rr/libafl_learning/exercise-2':
configure:3871: error: C compiler cannot create executables
See `config.log' for more details

## ---------------- ##
## Cache variables. ##
## ---------------- ##

ac_cv_env_CC_set=set
ac_cv_env_CC_value=/home/rr/libafl_learning/exercise-2/../build/ex2_compiler
ac_cv_env_CFLAGS_set=
ac_cv_env_CFLAGS_value=
ac_cv_env_CPPFLAGS_set=
ac_cv_env_CPPFLAGS_value=
ac_cv_env_CPP_set=
ac_cv_env_CPP_value=
ac_cv_env_LDFLAGS_set=
ac_cv_env_LDFLAGS_value=
ac_cv_env_LIBS_set=
ac_cv_env_LIBS_value=
ac_cv_env_LT_SYS_LIBRARY_PATH_set=
ac_cv_env_LT_SYS_LIBRARY_PATH_value=
ac_cv_env_MATHLIBS_set=
ac_cv_env_MATHLIBS_value=
ac_cv_env_build_alias_set=
ac_cv_env_build_alias_value=
ac_cv_env_host_alias_set=
ac_cv_env_host_alias_value=
ac_cv_env_target_alias_set=
ac_cv_env_target_alias_value=
ac_cv_path_install='/usr/bin/install -c'
ac_cv_path_mkdir=/usr/bin/mkdir
ac_cv_prog_AWK=gawk
ac_cv_prog_ac_ct_CC=/home/rr/libafl_learning/exercise-2/../build/ex2_compiler
ac_cv_prog_make_make_set=yes
am_cv_make_support_nested_variables=yes

## ----------------- ##
## Output variables. ##
## ----------------- ##

ACLOCAL='${SHELL} '\''/home/rr/libafl_learning/exercise-2/libexif/missing'\'' aclocal-1.16'
AMDEPBACKSLASH=''
AMDEP_FALSE=''
AMDEP_TRUE=''
AMTAR='$${TAR-tar}'
AM_BACKSLASH='\'
AM_CPPFLAGS=''
AM_DEFAULT_V='$(AM_DEFAULT_VERBOSITY)'
AM_DEFAULT_VERBOSITY='1'
AM_LDFLAGS=''
AM_V='$(V)'
AR=''
AUTOCONF='${SHELL} '\''/home/rr/libafl_learning/exercise-2/libexif/missing'\'' autoconf'
AUTOHEADER='${SHELL} '\''/home/rr/libafl_learning/exercise-2/libexif/missing'\'' autoheader'
AUTOMAKE='${SHELL} '\''/home/rr/libafl_learning/exercise-2/libexif/missing'\'' automake-1.16'
AWK='gawk'
CC='/home/rr/libafl_learning/exercise-2/../build/ex2_compiler'
CCDEPMODE=''
CFLAGS=''
CPP=''
CPPFLAGS=''
CSCOPE='cscope'
CTAGS='ctags'
CYGPATH_W='echo'
DEFS=''
DEPDIR=''
DLLTOOL=''
DOT=''
DOXYGEN=''
DOXYGEN_OUTPUT_DIR=''
DSYMUTIL=''
DUMPBIN=''
ECHO_C=''
ECHO_N='-n'
ECHO_T=''
EGREP=''
ETAGS='etags'
EXEEXT=''
FGREP=''
GETTEXT_PACKAGE=''
GMSGFMT=''
GREP=''
HAVE_DOT=''
HAVE_DOT_FALSE=''
HAVE_DOT_TRUE=''
HAVE_DOXYGEN_FALSE=''
HAVE_DOXYGEN_TRUE=''
HTML_APIDOC_DIR=''
HTML_APIDOC_INTERNALS_DIR=''
INSTALL_DATA='${INSTALL} -m 644'
INSTALL_PROGRAM='${INSTALL}'
INSTALL_SCRIPT='${INSTALL}'
INSTALL_STRIP_PROGRAM='$(install_sh) -c -s'
INTLLIBS=''
LD=''
LDFLAGS=''
LIBEXIF_AGE='1'
LIBEXIF_CURRENT='13'
LIBEXIF_CURRENT_MIN='12'
LIBEXIF_REVISION='0'
LIBEXIF_VERSION_INFO='13:0:1'
LIBICONV=''
LIBINTL=''
LIBOBJS=''
LIBS=''
LIBTOOL=''
LIPO=''
LN_S=''
LTLIBICONV=''
LTLIBINTL=''
LTLIBOBJS=''
LT_SYS_LIBRARY_PATH=''
MAKEINFO='${SHELL} '\''/home/rr/libafl_learning/exercise-2/libexif/missing'\'' makeinfo'
MANIFEST_TOOL=''
MATHLIBS=''
MKDIR_P='/usr/bin/mkdir -p'
MKINSTALLDIRS=''
MSGFMT=''
MSGMERGE=''
NM=''
NMEDIT=''
OBJDUMP=''
OBJEXT=''
OTOOL64=''
OTOOL=''
PACKAGE='libexif'
PACKAGE_BUGREPORT='libexif-devel@lists.sourceforge.net'
PACKAGE_NAME='EXIF library'
PACKAGE_STRING='EXIF library 0.6.14'
PACKAGE_TARNAME='libexif'
PACKAGE_URL=''
PACKAGE_VERSION='0.6.14'
PATH_SEPARATOR=':'
POSUB=''
RANLIB=''
SED=''
SET_MAKE=''
SHELL='/bin/bash'
SHIP_BINARIES_FALSE=''
SHIP_BINARIES_TRUE=''
STRIP=''
USE_NLS=''
VERSION='0.6.14'
XGETTEXT=''
ac_ct_AR=''
ac_ct_CC='/home/rr/libafl_learning/exercise-2/../build/ex2_compiler'
ac_ct_DUMPBIN=''
am__EXEEXT_FALSE=''
am__EXEEXT_TRUE=''
am__fastdepCC_FALSE=''
am__fastdepCC_TRUE=''
am__include=''
am__isrc=' -I$(srcdir)'
am__leading_dot='.'
am__nodep=''
am__quote=''
am__tar='$${TAR-tar} chof - "$$tardir"'
am__untar='$${TAR-tar} xf -'
bindir='${exec_prefix}/bin'
build=''
build_alias=''
build_cpu=''
build_os=''
build_vendor=''
datadir='${datarootdir}'
datarootdir='${prefix}/share'
docdir='${datarootdir}/doc/${PACKAGE_TARNAME}'
dvidir='${docdir}'
exec_prefix='NONE'
host=''
host_alias=''
host_cpu=''
host_os=''
host_vendor=''
htmldir='${docdir}'
includedir='${prefix}/include'
infodir='${datarootdir}/info'
install_sh='${SHELL} /home/rr/libafl_learning/exercise-2/libexif/install-sh'
libdir='${exec_prefix}/lib'
libexecdir='${exec_prefix}/libexec'
localedir='${datarootdir}/locale'
localstatedir='${prefix}/var'
mandir='${datarootdir}/man'
mkdir_p='$(MKDIR_P)'
oldincludedir='/usr/include'
pdfdir='${docdir}'
prefix='/home/rr/libafl_learning/exercise-2/../build'
program_transform_name='s,x,x,'
psdir='${docdir}'
runstatedir='${localstatedir}/run'
sbindir='${exec_prefix}/sbin'
sharedstatedir='${prefix}/com'
sysconfdir='${prefix}/etc'
target_alias=''

## ----------- ##
## confdefs.h. ##
## ----------- ##

/* confdefs.h */
#define PACKAGE_NAME "EXIF library"
#define PACKAGE_TARNAME "libexif"
#define PACKAGE_VERSION "0.6.14"
#define PACKAGE_STRING "EXIF library 0.6.14"
#define PACKAGE_BUGREPORT "libexif-devel@lists.sourceforge.net"
#define PACKAGE_URL ""
#define PACKAGE "libexif"
#define VERSION "0.6.14"

configure: exit 77
